<?xml version="1.0" encoding="UTF-8"?>
<testng-results skipped="0" failed="0" total="1" passed="1">
  <reporter-output>
  </reporter-output>
  <suite name="Default suite" duration-ms="96619" started-at="2017-03-02T13:42:55Z" finished-at="2017-03-02T13:44:32Z">
    <groups>
    </groups>
    <test name="Default test" duration-ms="96619" started-at="2017-03-02T13:42:55Z" finished-at="2017-03-02T13:44:32Z">
      <class name="TestScripts.BidSummary5">
        <test-method status="PASS" signature="initialize()[pri:0, instance:TestScripts.BidSummary5@68c72235]" name="initialize" is-config="true" duration-ms="36212" started-at="2017-03-02T19:12:55Z" finished-at="2017-03-02T19:13:31Z">
          <reporter-output>
          </reporter-output>
        </test-method> <!-- initialize -->
        <test-method status="PASS" signature="BidSummary()[pri:0, instance:TestScripts.BidSummary5@68c72235]" name="BidSummary" duration-ms="59928" started-at="2017-03-02T19:13:31Z" finished-at="2017-03-02T19:14:31Z">
          <reporter-output>
          </reporter-output>
        </test-method> <!-- BidSummary -->
        <test-method status="PASS" signature="close()[pri:0, instance:TestScripts.BidSummary5@68c72235]" name="close" is-config="true" duration-ms="456" started-at="2017-03-02T19:14:31Z" finished-at="2017-03-02T19:14:32Z">
          <reporter-output>
          </reporter-output>
        </test-method> <!-- close -->
      </class> <!-- TestScripts.BidSummary5 -->
    </test> <!-- Default test -->
  </suite> <!-- Default suite -->
</testng-results>
